2020-08-03 22:59:17,243 0      [           main] DEBUG ache.ibatis.logging.LogFactory  - Logging initialized using 'class org.apache.ibatis.logging.log4j.Log4jImpl' adapter.
2020-08-03 22:59:17,321 78     [           main] DEBUG source.pooled.PooledDataSource  - PooledDataSource forcefully closed/removed all connections.
2020-08-03 22:59:17,321 78     [           main] DEBUG source.pooled.PooledDataSource  - PooledDataSource forcefully closed/removed all connections.
2020-08-03 22:59:17,321 78     [           main] DEBUG source.pooled.PooledDataSource  - PooledDataSource forcefully closed/removed all connections.
2020-08-03 22:59:17,321 78     [           main] DEBUG source.pooled.PooledDataSource  - PooledDataSource forcefully closed/removed all connections.
2020-08-03 22:59:17,397 154    [           main] DEBUG ansaction.jdbc.JdbcTransaction  - Opening JDBC Connection
2020-08-03 22:59:17,597 354    [           main] DEBUG source.pooled.PooledDataSource  - Created connection 561247961.
2020-08-03 22:59:17,597 354    [           main] DEBUG ansaction.jdbc.JdbcTransaction  - Setting autocommit to false on JDBC Connection [com.mysql.jdbc.JDBC4Connection@2173f6d9]
2020-08-03 22:59:17,598 355    [           main] DEBUG .chingand.dao.IUserDao.findAll  - ==>  Preparing: select * from user 
2020-08-03 22:59:17,620 377    [           main] DEBUG .chingand.dao.IUserDao.findAll  - ==> Parameters: 
2020-08-03 22:59:17,642 399    [           main] DEBUG .chingand.dao.IUserDao.findAll  - <==      Total: 7
2020-08-03 22:59:17,646 403    [           main] DEBUG ansaction.jdbc.JdbcTransaction  - Resetting autocommit to true on JDBC Connection [com.mysql.jdbc.JDBC4Connection@2173f6d9]
2020-08-03 22:59:17,646 403    [           main] DEBUG ansaction.jdbc.JdbcTransaction  - Closing JDBC Connection [com.mysql.jdbc.JDBC4Connection@2173f6d9]
2020-08-03 22:59:17,647 404    [           main] DEBUG source.pooled.PooledDataSource  - Returned connection 561247961 to pool.
2020-08-04 11:42:17,867 0      [           main] DEBUG ache.ibatis.logging.LogFactory  - Logging initialized using 'class org.apache.ibatis.logging.log4j.Log4jImpl' adapter.
2020-08-04 11:42:17,994 127    [           main] DEBUG source.pooled.PooledDataSource  - PooledDataSource forcefully closed/removed all connections.
2020-08-04 11:42:17,994 127    [           main] DEBUG source.pooled.PooledDataSource  - PooledDataSource forcefully closed/removed all connections.
2020-08-04 11:42:17,994 127    [           main] DEBUG source.pooled.PooledDataSource  - PooledDataSource forcefully closed/removed all connections.
2020-08-04 11:42:17,994 127    [           main] DEBUG source.pooled.PooledDataSource  - PooledDataSource forcefully closed/removed all connections.
2020-08-04 11:43:12,538 0      [           main] DEBUG ache.ibatis.logging.LogFactory  - Logging initialized using 'class org.apache.ibatis.logging.log4j.Log4jImpl' adapter.
2020-08-04 11:43:12,634 96     [           main] DEBUG source.pooled.PooledDataSource  - PooledDataSource forcefully closed/removed all connections.
2020-08-04 11:43:12,634 96     [           main] DEBUG source.pooled.PooledDataSource  - PooledDataSource forcefully closed/removed all connections.
2020-08-04 11:43:12,634 96     [           main] DEBUG source.pooled.PooledDataSource  - PooledDataSource forcefully closed/removed all connections.
2020-08-04 11:43:12,634 96     [           main] DEBUG source.pooled.PooledDataSource  - PooledDataSource forcefully closed/removed all connections.
2020-08-04 11:51:25,082 0      [           main] DEBUG ache.ibatis.logging.LogFactory  - Logging initialized using 'class org.apache.ibatis.logging.log4j.Log4jImpl' adapter.
2020-08-04 11:51:25,174 92     [           main] DEBUG source.pooled.PooledDataSource  - PooledDataSource forcefully closed/removed all connections.
2020-08-04 11:51:25,175 93     [           main] DEBUG source.pooled.PooledDataSource  - PooledDataSource forcefully closed/removed all connections.
2020-08-04 11:51:25,175 93     [           main] DEBUG source.pooled.PooledDataSource  - PooledDataSource forcefully closed/removed all connections.
2020-08-04 11:51:25,175 93     [           main] DEBUG source.pooled.PooledDataSource  - PooledDataSource forcefully closed/removed all connections.
2020-08-04 11:52:49,695 0      [           main] DEBUG ache.ibatis.logging.LogFactory  - Logging initialized using 'class org.apache.ibatis.logging.log4j.Log4jImpl' adapter.
2020-08-04 11:52:49,778 83     [           main] DEBUG source.pooled.PooledDataSource  - PooledDataSource forcefully closed/removed all connections.
2020-08-04 11:52:49,778 83     [           main] DEBUG source.pooled.PooledDataSource  - PooledDataSource forcefully closed/removed all connections.
2020-08-04 11:52:49,778 83     [           main] DEBUG source.pooled.PooledDataSource  - PooledDataSource forcefully closed/removed all connections.
2020-08-04 11:52:49,779 84     [           main] DEBUG source.pooled.PooledDataSource  - PooledDataSource forcefully closed/removed all connections.
2020-08-04 11:59:49,387 0      [           main] DEBUG ache.ibatis.logging.LogFactory  - Logging initialized using 'class org.apache.ibatis.logging.log4j.Log4jImpl' adapter.
2020-08-04 11:59:49,499 112    [           main] DEBUG source.pooled.PooledDataSource  - PooledDataSource forcefully closed/removed all connections.
2020-08-04 11:59:49,499 112    [           main] DEBUG source.pooled.PooledDataSource  - PooledDataSource forcefully closed/removed all connections.
2020-08-04 11:59:49,499 112    [           main] DEBUG source.pooled.PooledDataSource  - PooledDataSource forcefully closed/removed all connections.
2020-08-04 11:59:49,499 112    [           main] DEBUG source.pooled.PooledDataSource  - PooledDataSource forcefully closed/removed all connections.
2020-08-04 12:04:32,867 0      [           main] DEBUG ache.ibatis.logging.LogFactory  - Logging initialized using 'class org.apache.ibatis.logging.log4j.Log4jImpl' adapter.
2020-08-04 12:04:32,949 82     [           main] DEBUG source.pooled.PooledDataSource  - PooledDataSource forcefully closed/removed all connections.
2020-08-04 12:04:32,949 82     [           main] DEBUG source.pooled.PooledDataSource  - PooledDataSource forcefully closed/removed all connections.
2020-08-04 12:04:32,949 82     [           main] DEBUG source.pooled.PooledDataSource  - PooledDataSource forcefully closed/removed all connections.
2020-08-04 12:04:32,949 82     [           main] DEBUG source.pooled.PooledDataSource  - PooledDataSource forcefully closed/removed all connections.
2020-08-04 12:05:14,595 0      [           main] DEBUG ache.ibatis.logging.LogFactory  - Logging initialized using 'class org.apache.ibatis.logging.log4j.Log4jImpl' adapter.
2020-08-04 12:05:14,673 78     [           main] DEBUG source.pooled.PooledDataSource  - PooledDataSource forcefully closed/removed all connections.
2020-08-04 12:05:14,673 78     [           main] DEBUG source.pooled.PooledDataSource  - PooledDataSource forcefully closed/removed all connections.
2020-08-04 12:05:14,673 78     [           main] DEBUG source.pooled.PooledDataSource  - PooledDataSource forcefully closed/removed all connections.
2020-08-04 12:05:14,673 78     [           main] DEBUG source.pooled.PooledDataSource  - PooledDataSource forcefully closed/removed all connections.
2020-08-04 12:12:05,096 0      [           main] DEBUG ache.ibatis.logging.LogFactory  - Logging initialized using 'class org.apache.ibatis.logging.log4j.Log4jImpl' adapter.
2020-08-04 12:12:05,191 95     [           main] DEBUG source.pooled.PooledDataSource  - PooledDataSource forcefully closed/removed all connections.
2020-08-04 12:12:05,191 95     [           main] DEBUG source.pooled.PooledDataSource  - PooledDataSource forcefully closed/removed all connections.
2020-08-04 12:12:05,192 96     [           main] DEBUG source.pooled.PooledDataSource  - PooledDataSource forcefully closed/removed all connections.
2020-08-04 12:12:05,192 96     [           main] DEBUG source.pooled.PooledDataSource  - PooledDataSource forcefully closed/removed all connections.
2020-08-04 12:12:51,211 0      [           main] DEBUG ache.ibatis.logging.LogFactory  - Logging initialized using 'class org.apache.ibatis.logging.log4j.Log4jImpl' adapter.
2020-08-04 12:12:51,293 82     [           main] DEBUG source.pooled.PooledDataSource  - PooledDataSource forcefully closed/removed all connections.
2020-08-04 12:12:51,294 83     [           main] DEBUG source.pooled.PooledDataSource  - PooledDataSource forcefully closed/removed all connections.
2020-08-04 12:12:51,294 83     [           main] DEBUG source.pooled.PooledDataSource  - PooledDataSource forcefully closed/removed all connections.
2020-08-04 12:12:51,294 83     [           main] DEBUG source.pooled.PooledDataSource  - PooledDataSource forcefully closed/removed all connections.
2020-08-04 12:15:40,840 0      [           main] DEBUG ache.ibatis.logging.LogFactory  - Logging initialized using 'class org.apache.ibatis.logging.log4j.Log4jImpl' adapter.
2020-08-04 12:15:40,926 86     [           main] DEBUG source.pooled.PooledDataSource  - PooledDataSource forcefully closed/removed all connections.
2020-08-04 12:15:40,926 86     [           main] DEBUG source.pooled.PooledDataSource  - PooledDataSource forcefully closed/removed all connections.
2020-08-04 12:15:40,926 86     [           main] DEBUG source.pooled.PooledDataSource  - PooledDataSource forcefully closed/removed all connections.
2020-08-04 12:15:40,926 86     [           main] DEBUG source.pooled.PooledDataSource  - PooledDataSource forcefully closed/removed all connections.
2020-08-04 12:17:21,171 0      [           main] DEBUG ache.ibatis.logging.LogFactory  - Logging initialized using 'class org.apache.ibatis.logging.log4j.Log4jImpl' adapter.
2020-08-04 12:17:21,251 80     [           main] DEBUG source.pooled.PooledDataSource  - PooledDataSource forcefully closed/removed all connections.
2020-08-04 12:17:21,251 80     [           main] DEBUG source.pooled.PooledDataSource  - PooledDataSource forcefully closed/removed all connections.
2020-08-04 12:17:21,251 80     [           main] DEBUG source.pooled.PooledDataSource  - PooledDataSource forcefully closed/removed all connections.
2020-08-04 12:17:21,251 80     [           main] DEBUG source.pooled.PooledDataSource  - PooledDataSource forcefully closed/removed all connections.
2020-08-04 12:22:00,201 0      [           main] DEBUG ache.ibatis.logging.LogFactory  - Logging initialized using 'class org.apache.ibatis.logging.log4j.Log4jImpl' adapter.
2020-08-04 12:22:00,299 98     [           main] DEBUG source.pooled.PooledDataSource  - PooledDataSource forcefully closed/removed all connections.
2020-08-04 12:22:00,299 98     [           main] DEBUG source.pooled.PooledDataSource  - PooledDataSource forcefully closed/removed all connections.
2020-08-04 12:22:00,299 98     [           main] DEBUG source.pooled.PooledDataSource  - PooledDataSource forcefully closed/removed all connections.
2020-08-04 12:22:00,299 98     [           main] DEBUG source.pooled.PooledDataSource  - PooledDataSource forcefully closed/removed all connections.
2020-08-04 12:26:11,496 0      [           main] DEBUG ache.ibatis.logging.LogFactory  - Logging initialized using 'class org.apache.ibatis.logging.log4j.Log4jImpl' adapter.
2020-08-04 12:26:11,591 95     [           main] DEBUG source.pooled.PooledDataSource  - PooledDataSource forcefully closed/removed all connections.
2020-08-04 12:26:11,591 95     [           main] DEBUG source.pooled.PooledDataSource  - PooledDataSource forcefully closed/removed all connections.
2020-08-04 12:26:11,591 95     [           main] DEBUG source.pooled.PooledDataSource  - PooledDataSource forcefully closed/removed all connections.
2020-08-04 12:26:11,591 95     [           main] DEBUG source.pooled.PooledDataSource  - PooledDataSource forcefully closed/removed all connections.
2020-08-04 12:27:42,009 0      [           main] DEBUG ache.ibatis.logging.LogFactory  - Logging initialized using 'class org.apache.ibatis.logging.log4j.Log4jImpl' adapter.
2020-08-04 12:27:42,095 86     [           main] DEBUG source.pooled.PooledDataSource  - PooledDataSource forcefully closed/removed all connections.
2020-08-04 12:27:42,095 86     [           main] DEBUG source.pooled.PooledDataSource  - PooledDataSource forcefully closed/removed all connections.
2020-08-04 12:27:42,095 86     [           main] DEBUG source.pooled.PooledDataSource  - PooledDataSource forcefully closed/removed all connections.
2020-08-04 12:27:42,095 86     [           main] DEBUG source.pooled.PooledDataSource  - PooledDataSource forcefully closed/removed all connections.
2020-08-04 12:27:42,184 175    [           main] DEBUG ansaction.jdbc.JdbcTransaction  - Opening JDBC Connection
2020-08-04 12:27:42,399 390    [           main] DEBUG source.pooled.PooledDataSource  - Created connection 561247961.
2020-08-04 12:27:42,399 390    [           main] DEBUG ansaction.jdbc.JdbcTransaction  - Setting autocommit to false on JDBC Connection [com.mysql.jdbc.JDBC4Connection@2173f6d9]
2020-08-04 12:27:42,401 392    [           main] DEBUG .chingand.dao.IUserDao.findAll  - ==>  Preparing: select * from user 
2020-08-04 12:27:42,422 413    [           main] DEBUG .chingand.dao.IUserDao.findAll  - ==> Parameters: 
2020-08-04 12:27:42,443 434    [           main] DEBUG .chingand.dao.IUserDao.findAll  - <==      Total: 7
2020-08-04 12:27:42,447 438    [           main] DEBUG ansaction.jdbc.JdbcTransaction  - Resetting autocommit to true on JDBC Connection [com.mysql.jdbc.JDBC4Connection@2173f6d9]
2020-08-04 12:27:42,448 439    [           main] DEBUG ansaction.jdbc.JdbcTransaction  - Closing JDBC Connection [com.mysql.jdbc.JDBC4Connection@2173f6d9]
2020-08-04 12:27:42,448 439    [           main] DEBUG source.pooled.PooledDataSource  - Returned connection 561247961 to pool.
2020-08-04 12:27:58,207 0      [           main] DEBUG ache.ibatis.logging.LogFactory  - Logging initialized using 'class org.apache.ibatis.logging.log4j.Log4jImpl' adapter.
2020-08-04 12:27:58,289 82     [           main] DEBUG source.pooled.PooledDataSource  - PooledDataSource forcefully closed/removed all connections.
2020-08-04 12:27:58,289 82     [           main] DEBUG source.pooled.PooledDataSource  - PooledDataSource forcefully closed/removed all connections.
2020-08-04 12:27:58,289 82     [           main] DEBUG source.pooled.PooledDataSource  - PooledDataSource forcefully closed/removed all connections.
2020-08-04 12:27:58,289 82     [           main] DEBUG source.pooled.PooledDataSource  - PooledDataSource forcefully closed/removed all connections.
2020-08-04 12:27:58,358 151    [           main] DEBUG ansaction.jdbc.JdbcTransaction  - Opening JDBC Connection
2020-08-04 12:27:58,554 347    [           main] DEBUG source.pooled.PooledDataSource  - Created connection 2048425748.
2020-08-04 12:27:58,554 347    [           main] DEBUG ansaction.jdbc.JdbcTransaction  - Setting autocommit to false on JDBC Connection [com.mysql.jdbc.JDBC4Connection@7a187f14]
2020-08-04 12:27:58,556 349    [           main] DEBUG chingand.dao.IUserDao.findById  - ==>  Preparing: select * from user where id=?; 
2020-08-04 12:27:58,583 376    [           main] DEBUG chingand.dao.IUserDao.findById  - ==> Parameters: 43(Integer)
2020-08-04 12:27:58,603 396    [           main] DEBUG chingand.dao.IUserDao.findById  - <==      Total: 1
2020-08-04 12:27:58,606 399    [           main] DEBUG ansaction.jdbc.JdbcTransaction  - Resetting autocommit to true on JDBC Connection [com.mysql.jdbc.JDBC4Connection@7a187f14]
2020-08-04 12:27:58,606 399    [           main] DEBUG ansaction.jdbc.JdbcTransaction  - Closing JDBC Connection [com.mysql.jdbc.JDBC4Connection@7a187f14]
2020-08-04 12:27:58,607 400    [           main] DEBUG source.pooled.PooledDataSource  - Returned connection 2048425748 to pool.
2020-08-04 12:28:49,014 0      [           main] DEBUG ache.ibatis.logging.LogFactory  - Logging initialized using 'class org.apache.ibatis.logging.log4j.Log4jImpl' adapter.
2020-08-04 12:28:49,106 92     [           main] DEBUG source.pooled.PooledDataSource  - PooledDataSource forcefully closed/removed all connections.
2020-08-04 12:28:49,106 92     [           main] DEBUG source.pooled.PooledDataSource  - PooledDataSource forcefully closed/removed all connections.
2020-08-04 12:28:49,106 92     [           main] DEBUG source.pooled.PooledDataSource  - PooledDataSource forcefully closed/removed all connections.
2020-08-04 12:28:49,106 92     [           main] DEBUG source.pooled.PooledDataSource  - PooledDataSource forcefully closed/removed all connections.
2020-08-04 12:29:25,815 1      [           main] DEBUG ache.ibatis.logging.LogFactory  - Logging initialized using 'class org.apache.ibatis.logging.log4j.Log4jImpl' adapter.
2020-08-04 12:29:25,910 96     [           main] DEBUG source.pooled.PooledDataSource  - PooledDataSource forcefully closed/removed all connections.
2020-08-04 12:29:25,911 97     [           main] DEBUG source.pooled.PooledDataSource  - PooledDataSource forcefully closed/removed all connections.
2020-08-04 12:29:25,911 97     [           main] DEBUG source.pooled.PooledDataSource  - PooledDataSource forcefully closed/removed all connections.
2020-08-04 12:29:25,911 97     [           main] DEBUG source.pooled.PooledDataSource  - PooledDataSource forcefully closed/removed all connections.
2020-08-04 12:29:25,991 177    [           main] DEBUG ansaction.jdbc.JdbcTransaction  - Opening JDBC Connection
2020-08-04 12:29:26,277 463    [           main] DEBUG source.pooled.PooledDataSource  - Created connection 2048425748.
2020-08-04 12:29:26,277 463    [           main] DEBUG ansaction.jdbc.JdbcTransaction  - Setting autocommit to false on JDBC Connection [com.mysql.jdbc.JDBC4Connection@7a187f14]
2020-08-04 12:29:26,281 467    [           main] DEBUG chingand.dao.IUserDao.findById  - ==>  Preparing: select * from user where id=?; 
2020-08-04 12:29:26,331 517    [           main] DEBUG chingand.dao.IUserDao.findById  - ==> Parameters: 43(Integer)
2020-08-04 12:29:26,363 549    [           main] DEBUG chingand.dao.IUserDao.findById  - <==      Total: 1
2020-08-04 12:29:26,370 556    [           main] DEBUG ansaction.jdbc.JdbcTransaction  - Resetting autocommit to true on JDBC Connection [com.mysql.jdbc.JDBC4Connection@7a187f14]
2020-08-04 12:29:26,371 557    [           main] DEBUG ansaction.jdbc.JdbcTransaction  - Closing JDBC Connection [com.mysql.jdbc.JDBC4Connection@7a187f14]
2020-08-04 12:29:26,371 557    [           main] DEBUG source.pooled.PooledDataSource  - Returned connection 2048425748 to pool.
2020-08-04 12:30:13,367 0      [           main] DEBUG ache.ibatis.logging.LogFactory  - Logging initialized using 'class org.apache.ibatis.logging.log4j.Log4jImpl' adapter.
2020-08-04 12:30:13,459 92     [           main] DEBUG source.pooled.PooledDataSource  - PooledDataSource forcefully closed/removed all connections.
2020-08-04 12:30:13,460 93     [           main] DEBUG source.pooled.PooledDataSource  - PooledDataSource forcefully closed/removed all connections.
2020-08-04 12:30:13,460 93     [           main] DEBUG source.pooled.PooledDataSource  - PooledDataSource forcefully closed/removed all connections.
2020-08-04 12:30:13,460 93     [           main] DEBUG source.pooled.PooledDataSource  - PooledDataSource forcefully closed/removed all connections.
2020-08-04 12:30:13,548 181    [           main] DEBUG ansaction.jdbc.JdbcTransaction  - Opening JDBC Connection
2020-08-04 12:30:13,741 374    [           main] DEBUG source.pooled.PooledDataSource  - Created connection 1373810119.
2020-08-04 12:30:13,741 374    [           main] DEBUG ansaction.jdbc.JdbcTransaction  - Setting autocommit to false on JDBC Connection [com.mysql.jdbc.JDBC4Connection@51e2adc7]
2020-08-04 12:30:13,744 377    [           main] DEBUG ingand.dao.IAccountDao.findAll  - ==>  Preparing: select * from account 
2020-08-04 12:30:13,769 402    [           main] DEBUG ingand.dao.IAccountDao.findAll  - ==> Parameters: 
2020-08-04 12:30:13,787 420    [           main] DEBUG ingand.dao.IAccountDao.findAll  - <==      Total: 3
2020-08-04 12:30:13,788 421    [           main] DEBUG ansaction.jdbc.JdbcTransaction  - Resetting autocommit to true on JDBC Connection [com.mysql.jdbc.JDBC4Connection@51e2adc7]
2020-08-04 12:30:13,788 421    [           main] DEBUG ansaction.jdbc.JdbcTransaction  - Closing JDBC Connection [com.mysql.jdbc.JDBC4Connection@51e2adc7]
2020-08-04 12:30:13,788 421    [           main] DEBUG source.pooled.PooledDataSource  - Returned connection 1373810119 to pool.
2020-08-04 12:32:20,491 0      [           main] DEBUG ache.ibatis.logging.LogFactory  - Logging initialized using 'class org.apache.ibatis.logging.log4j.Log4jImpl' adapter.
2020-08-04 12:32:20,594 103    [           main] DEBUG source.pooled.PooledDataSource  - PooledDataSource forcefully closed/removed all connections.
2020-08-04 12:32:20,594 103    [           main] DEBUG source.pooled.PooledDataSource  - PooledDataSource forcefully closed/removed all connections.
2020-08-04 12:32:20,594 103    [           main] DEBUG source.pooled.PooledDataSource  - PooledDataSource forcefully closed/removed all connections.
2020-08-04 12:32:20,594 103    [           main] DEBUG source.pooled.PooledDataSource  - PooledDataSource forcefully closed/removed all connections.
2020-08-04 12:34:13,883 0      [           main] DEBUG ache.ibatis.logging.LogFactory  - Logging initialized using 'class org.apache.ibatis.logging.log4j.Log4jImpl' adapter.
2020-08-04 12:34:14,011 128    [           main] DEBUG source.pooled.PooledDataSource  - PooledDataSource forcefully closed/removed all connections.
2020-08-04 12:34:14,011 128    [           main] DEBUG source.pooled.PooledDataSource  - PooledDataSource forcefully closed/removed all connections.
2020-08-04 12:34:14,011 128    [           main] DEBUG source.pooled.PooledDataSource  - PooledDataSource forcefully closed/removed all connections.
2020-08-04 12:34:14,011 128    [           main] DEBUG source.pooled.PooledDataSource  - PooledDataSource forcefully closed/removed all connections.
2020-08-04 12:34:14,137 254    [           main] DEBUG ansaction.jdbc.JdbcTransaction  - Opening JDBC Connection
2020-08-04 12:34:14,352 469    [           main] DEBUG source.pooled.PooledDataSource  - Created connection 1373810119.
2020-08-04 12:34:14,352 469    [           main] DEBUG ansaction.jdbc.JdbcTransaction  - Setting autocommit to false on JDBC Connection [com.mysql.jdbc.JDBC4Connection@51e2adc7]
2020-08-04 12:34:14,355 472    [           main] DEBUG ingand.dao.IAccountDao.findAll  - ==>  Preparing: select * from account 
2020-08-04 12:34:14,393 510    [           main] DEBUG ingand.dao.IAccountDao.findAll  - ==> Parameters: 
2020-08-04 12:34:14,407 524    [           main] DEBUG ingand.dao.IAccountDao.findAll  - <==      Total: 3
2020-08-04 12:34:14,408 525    [           main] DEBUG ansaction.jdbc.JdbcTransaction  - Resetting autocommit to true on JDBC Connection [com.mysql.jdbc.JDBC4Connection@51e2adc7]
2020-08-04 12:34:14,409 526    [           main] DEBUG ansaction.jdbc.JdbcTransaction  - Closing JDBC Connection [com.mysql.jdbc.JDBC4Connection@51e2adc7]
2020-08-04 12:34:14,409 526    [           main] DEBUG source.pooled.PooledDataSource  - Returned connection 1373810119 to pool.
2020-08-04 12:56:56,865 0      [           main] DEBUG ache.ibatis.logging.LogFactory  - Logging initialized using 'class org.apache.ibatis.logging.log4j.Log4jImpl' adapter.
2020-08-04 12:56:56,979 114    [           main] DEBUG source.pooled.PooledDataSource  - PooledDataSource forcefully closed/removed all connections.
2020-08-04 12:56:56,980 115    [           main] DEBUG source.pooled.PooledDataSource  - PooledDataSource forcefully closed/removed all connections.
2020-08-04 12:56:56,980 115    [           main] DEBUG source.pooled.PooledDataSource  - PooledDataSource forcefully closed/removed all connections.
2020-08-04 12:56:56,980 115    [           main] DEBUG source.pooled.PooledDataSource  - PooledDataSource forcefully closed/removed all connections.
2020-08-04 12:56:57,077 212    [           main] DEBUG ansaction.jdbc.JdbcTransaction  - Opening JDBC Connection
2020-08-04 12:56:57,275 410    [           main] DEBUG source.pooled.PooledDataSource  - Created connection 1373810119.
2020-08-04 12:56:57,275 410    [           main] DEBUG ansaction.jdbc.JdbcTransaction  - Setting autocommit to false on JDBC Connection [com.mysql.jdbc.JDBC4Connection@51e2adc7]
2020-08-04 12:56:57,277 412    [           main] DEBUG dao.IAccountDao.findAllAccount  - ==>  Preparing: SELECT a.*,u.`username`,u.`address` FROM account a,USER u WHERE u.id=a.uid; 
2020-08-04 12:56:57,302 437    [           main] DEBUG dao.IAccountDao.findAllAccount  - ==> Parameters: 
2020-08-04 12:56:57,320 455    [           main] DEBUG dao.IAccountDao.findAllAccount  - <==      Total: 3
2020-08-04 12:56:57,320 455    [           main] DEBUG ansaction.jdbc.JdbcTransaction  - Resetting autocommit to true on JDBC Connection [com.mysql.jdbc.JDBC4Connection@51e2adc7]
2020-08-04 12:56:57,321 456    [           main] DEBUG ansaction.jdbc.JdbcTransaction  - Closing JDBC Connection [com.mysql.jdbc.JDBC4Connection@51e2adc7]
2020-08-04 12:56:57,321 456    [           main] DEBUG source.pooled.PooledDataSource  - Returned connection 1373810119 to pool.
2020-08-04 13:15:42,093 0      [           main] DEBUG ache.ibatis.logging.LogFactory  - Logging initialized using 'class org.apache.ibatis.logging.log4j.Log4jImpl' adapter.
2020-08-04 13:15:42,209 116    [           main] DEBUG source.pooled.PooledDataSource  - PooledDataSource forcefully closed/removed all connections.
2020-08-04 13:15:42,210 117    [           main] DEBUG source.pooled.PooledDataSource  - PooledDataSource forcefully closed/removed all connections.
2020-08-04 13:15:42,210 117    [           main] DEBUG source.pooled.PooledDataSource  - PooledDataSource forcefully closed/removed all connections.
2020-08-04 13:15:42,210 117    [           main] DEBUG source.pooled.PooledDataSource  - PooledDataSource forcefully closed/removed all connections.
2020-08-04 13:15:42,304 211    [           main] DEBUG ansaction.jdbc.JdbcTransaction  - Opening JDBC Connection
2020-08-04 13:15:42,519 426    [           main] DEBUG source.pooled.PooledDataSource  - Created connection 438135304.
2020-08-04 13:15:42,519 426    [           main] DEBUG ansaction.jdbc.JdbcTransaction  - Setting autocommit to false on JDBC Connection [com.mysql.jdbc.JDBC4Connection@1a1d6a08]
2020-08-04 13:15:42,521 428    [           main] DEBUG ingand.dao.IAccountDao.findAll  - ==>  Preparing: SELECT u.*,a.id AS aid,a.uid,a.money FROM account a,USER u WHERE u.id=a.uid; 
2020-08-04 13:15:42,540 447    [           main] DEBUG ingand.dao.IAccountDao.findAll  - ==> Parameters: 
2020-08-04 13:15:42,553 460    [           main] DEBUG ansaction.jdbc.JdbcTransaction  - Resetting autocommit to true on JDBC Connection [com.mysql.jdbc.JDBC4Connection@1a1d6a08]
2020-08-04 13:15:42,553 460    [           main] DEBUG ansaction.jdbc.JdbcTransaction  - Closing JDBC Connection [com.mysql.jdbc.JDBC4Connection@1a1d6a08]
2020-08-04 13:15:42,553 460    [           main] DEBUG source.pooled.PooledDataSource  - Returned connection 438135304 to pool.
2020-08-04 13:16:29,988 1      [           main] DEBUG ache.ibatis.logging.LogFactory  - Logging initialized using 'class org.apache.ibatis.logging.log4j.Log4jImpl' adapter.
2020-08-04 13:16:30,072 85     [           main] DEBUG source.pooled.PooledDataSource  - PooledDataSource forcefully closed/removed all connections.
2020-08-04 13:16:30,072 85     [           main] DEBUG source.pooled.PooledDataSource  - PooledDataSource forcefully closed/removed all connections.
2020-08-04 13:16:30,072 85     [           main] DEBUG source.pooled.PooledDataSource  - PooledDataSource forcefully closed/removed all connections.
2020-08-04 13:16:30,072 85     [           main] DEBUG source.pooled.PooledDataSource  - PooledDataSource forcefully closed/removed all connections.
2020-08-04 13:16:30,160 173    [           main] DEBUG ansaction.jdbc.JdbcTransaction  - Opening JDBC Connection
2020-08-04 13:16:30,343 356    [           main] DEBUG source.pooled.PooledDataSource  - Created connection 438135304.
2020-08-04 13:16:30,343 356    [           main] DEBUG ansaction.jdbc.JdbcTransaction  - Setting autocommit to false on JDBC Connection [com.mysql.jdbc.JDBC4Connection@1a1d6a08]
2020-08-04 13:16:30,345 358    [           main] DEBUG ingand.dao.IAccountDao.findAll  - ==>  Preparing: SELECT u.*,a.id AS aid,a.uid,a.money FROM account a,USER u WHERE u.id=a.uid; 
2020-08-04 13:16:30,369 382    [           main] DEBUG ingand.dao.IAccountDao.findAll  - ==> Parameters: 
2020-08-04 13:16:30,386 399    [           main] DEBUG ingand.dao.IAccountDao.findAll  - <==      Total: 3
2020-08-04 13:16:30,387 400    [           main] DEBUG ansaction.jdbc.JdbcTransaction  - Resetting autocommit to true on JDBC Connection [com.mysql.jdbc.JDBC4Connection@1a1d6a08]
2020-08-04 13:16:30,387 400    [           main] DEBUG ansaction.jdbc.JdbcTransaction  - Closing JDBC Connection [com.mysql.jdbc.JDBC4Connection@1a1d6a08]
2020-08-04 13:16:30,387 400    [           main] DEBUG source.pooled.PooledDataSource  - Returned connection 438135304 to pool.
2020-08-04 13:18:04,456 0      [           main] DEBUG ache.ibatis.logging.LogFactory  - Logging initialized using 'class org.apache.ibatis.logging.log4j.Log4jImpl' adapter.
2020-08-04 13:18:04,551 95     [           main] DEBUG source.pooled.PooledDataSource  - PooledDataSource forcefully closed/removed all connections.
2020-08-04 13:18:04,551 95     [           main] DEBUG source.pooled.PooledDataSource  - PooledDataSource forcefully closed/removed all connections.
2020-08-04 13:18:04,551 95     [           main] DEBUG source.pooled.PooledDataSource  - PooledDataSource forcefully closed/removed all connections.
2020-08-04 13:18:04,551 95     [           main] DEBUG source.pooled.PooledDataSource  - PooledDataSource forcefully closed/removed all connections.
2020-08-04 13:18:04,648 192    [           main] DEBUG ansaction.jdbc.JdbcTransaction  - Opening JDBC Connection
2020-08-04 13:18:04,832 376    [           main] DEBUG source.pooled.PooledDataSource  - Created connection 438135304.
2020-08-04 13:18:04,832 376    [           main] DEBUG ansaction.jdbc.JdbcTransaction  - Setting autocommit to false on JDBC Connection [com.mysql.jdbc.JDBC4Connection@1a1d6a08]
2020-08-04 13:18:04,834 378    [           main] DEBUG ingand.dao.IAccountDao.findAll  - ==>  Preparing: SELECT u.*,a.id AS aid,a.uid,a.money FROM account a,USER u WHERE u.id=a.uid; 
2020-08-04 13:18:04,853 397    [           main] DEBUG ingand.dao.IAccountDao.findAll  - ==> Parameters: 
2020-08-04 13:18:04,867 411    [           main] DEBUG ingand.dao.IAccountDao.findAll  - <==      Total: 3
2020-08-04 13:18:04,867 411    [           main] DEBUG ansaction.jdbc.JdbcTransaction  - Resetting autocommit to true on JDBC Connection [com.mysql.jdbc.JDBC4Connection@1a1d6a08]
2020-08-04 13:18:04,867 411    [           main] DEBUG ansaction.jdbc.JdbcTransaction  - Closing JDBC Connection [com.mysql.jdbc.JDBC4Connection@1a1d6a08]
2020-08-04 13:18:04,868 412    [           main] DEBUG source.pooled.PooledDataSource  - Returned connection 438135304 to pool.
2020-08-04 13:19:20,431 0      [           main] DEBUG ache.ibatis.logging.LogFactory  - Logging initialized using 'class org.apache.ibatis.logging.log4j.Log4jImpl' adapter.
2020-08-04 13:19:20,518 87     [           main] DEBUG source.pooled.PooledDataSource  - PooledDataSource forcefully closed/removed all connections.
2020-08-04 13:19:20,518 87     [           main] DEBUG source.pooled.PooledDataSource  - PooledDataSource forcefully closed/removed all connections.
2020-08-04 13:19:20,519 88     [           main] DEBUG source.pooled.PooledDataSource  - PooledDataSource forcefully closed/removed all connections.
2020-08-04 13:19:20,519 88     [           main] DEBUG source.pooled.PooledDataSource  - PooledDataSource forcefully closed/removed all connections.
2020-08-04 13:19:20,610 179    [           main] DEBUG ansaction.jdbc.JdbcTransaction  - Opening JDBC Connection
2020-08-04 13:19:20,838 407    [           main] DEBUG source.pooled.PooledDataSource  - Created connection 438135304.
2020-08-04 13:19:20,838 407    [           main] DEBUG ansaction.jdbc.JdbcTransaction  - Setting autocommit to false on JDBC Connection [com.mysql.jdbc.JDBC4Connection@1a1d6a08]
2020-08-04 13:19:20,841 410    [           main] DEBUG ingand.dao.IAccountDao.findAll  - ==>  Preparing: SELECT u.*,a.id AS aid,a.uid,a.money FROM account a,USER u WHERE u.id=a.uid; 
2020-08-04 13:19:20,874 443    [           main] DEBUG ingand.dao.IAccountDao.findAll  - ==> Parameters: 
2020-08-04 13:19:20,900 469    [           main] DEBUG ansaction.jdbc.JdbcTransaction  - Resetting autocommit to true on JDBC Connection [com.mysql.jdbc.JDBC4Connection@1a1d6a08]
2020-08-04 13:19:20,900 469    [           main] DEBUG ansaction.jdbc.JdbcTransaction  - Closing JDBC Connection [com.mysql.jdbc.JDBC4Connection@1a1d6a08]
2020-08-04 13:19:20,901 470    [           main] DEBUG source.pooled.PooledDataSource  - Returned connection 438135304 to pool.
2020-08-04 13:20:20,536 0      [           main] DEBUG ache.ibatis.logging.LogFactory  - Logging initialized using 'class org.apache.ibatis.logging.log4j.Log4jImpl' adapter.
2020-08-04 13:20:20,618 82     [           main] DEBUG source.pooled.PooledDataSource  - PooledDataSource forcefully closed/removed all connections.
2020-08-04 13:20:20,618 82     [           main] DEBUG source.pooled.PooledDataSource  - PooledDataSource forcefully closed/removed all connections.
2020-08-04 13:20:20,618 82     [           main] DEBUG source.pooled.PooledDataSource  - PooledDataSource forcefully closed/removed all connections.
2020-08-04 13:20:20,618 82     [           main] DEBUG source.pooled.PooledDataSource  - PooledDataSource forcefully closed/removed all connections.
2020-08-04 13:20:20,714 178    [           main] DEBUG ansaction.jdbc.JdbcTransaction  - Opening JDBC Connection
2020-08-04 13:20:20,926 390    [           main] DEBUG source.pooled.PooledDataSource  - Created connection 438135304.
2020-08-04 13:20:20,926 390    [           main] DEBUG ansaction.jdbc.JdbcTransaction  - Setting autocommit to false on JDBC Connection [com.mysql.jdbc.JDBC4Connection@1a1d6a08]
2020-08-04 13:20:20,928 392    [           main] DEBUG ingand.dao.IAccountDao.findAll  - ==>  Preparing: SELECT u.*,a.id AS aid,a.uid,a.money FROM account a,USER u WHERE u.id=a.uid; 
2020-08-04 13:20:20,950 414    [           main] DEBUG ingand.dao.IAccountDao.findAll  - ==> Parameters: 
2020-08-04 13:20:20,971 435    [           main] DEBUG ingand.dao.IAccountDao.findAll  - <==      Total: 3
2020-08-04 13:20:20,975 439    [           main] DEBUG ansaction.jdbc.JdbcTransaction  - Resetting autocommit to true on JDBC Connection [com.mysql.jdbc.JDBC4Connection@1a1d6a08]
2020-08-04 13:20:20,975 439    [           main] DEBUG ansaction.jdbc.JdbcTransaction  - Closing JDBC Connection [com.mysql.jdbc.JDBC4Connection@1a1d6a08]
2020-08-04 13:20:20,975 439    [           main] DEBUG source.pooled.PooledDataSource  - Returned connection 438135304 to pool.
2020-08-04 13:21:16,091 0      [           main] DEBUG ache.ibatis.logging.LogFactory  - Logging initialized using 'class org.apache.ibatis.logging.log4j.Log4jImpl' adapter.
2020-08-04 13:21:16,186 95     [           main] DEBUG source.pooled.PooledDataSource  - PooledDataSource forcefully closed/removed all connections.
2020-08-04 13:21:16,186 95     [           main] DEBUG source.pooled.PooledDataSource  - PooledDataSource forcefully closed/removed all connections.
2020-08-04 13:21:16,186 95     [           main] DEBUG source.pooled.PooledDataSource  - PooledDataSource forcefully closed/removed all connections.
2020-08-04 13:21:16,186 95     [           main] DEBUG source.pooled.PooledDataSource  - PooledDataSource forcefully closed/removed all connections.
2020-08-04 13:21:29,881 0      [           main] DEBUG ache.ibatis.logging.LogFactory  - Logging initialized using 'class org.apache.ibatis.logging.log4j.Log4jImpl' adapter.
2020-08-04 13:21:29,982 101    [           main] DEBUG source.pooled.PooledDataSource  - PooledDataSource forcefully closed/removed all connections.
2020-08-04 13:21:29,982 101    [           main] DEBUG source.pooled.PooledDataSource  - PooledDataSource forcefully closed/removed all connections.
2020-08-04 13:21:29,982 101    [           main] DEBUG source.pooled.PooledDataSource  - PooledDataSource forcefully closed/removed all connections.
2020-08-04 13:21:29,982 101    [           main] DEBUG source.pooled.PooledDataSource  - PooledDataSource forcefully closed/removed all connections.
2020-08-04 13:21:30,094 213    [           main] DEBUG ansaction.jdbc.JdbcTransaction  - Opening JDBC Connection
2020-08-04 13:21:30,278 397    [           main] DEBUG source.pooled.PooledDataSource  - Created connection 438135304.
2020-08-04 13:21:30,278 397    [           main] DEBUG ansaction.jdbc.JdbcTransaction  - Setting autocommit to false on JDBC Connection [com.mysql.jdbc.JDBC4Connection@1a1d6a08]
2020-08-04 13:21:30,279 398    [           main] DEBUG ingand.dao.IAccountDao.findAll  - ==>  Preparing: SELECT u.*,a.id AS aid,a.uid,a.money FROM account a,USER u WHERE u.id=a.uid; 
2020-08-04 13:21:30,308 427    [           main] DEBUG ingand.dao.IAccountDao.findAll  - ==> Parameters: 
2020-08-04 13:21:30,333 452    [           main] DEBUG ingand.dao.IAccountDao.findAll  - <==      Total: 3
2020-08-04 13:21:30,340 459    [           main] DEBUG ansaction.jdbc.JdbcTransaction  - Resetting autocommit to true on JDBC Connection [com.mysql.jdbc.JDBC4Connection@1a1d6a08]
2020-08-04 13:21:30,340 459    [           main] DEBUG ansaction.jdbc.JdbcTransaction  - Closing JDBC Connection [com.mysql.jdbc.JDBC4Connection@1a1d6a08]
2020-08-04 13:21:30,340 459    [           main] DEBUG source.pooled.PooledDataSource  - Returned connection 438135304 to pool.
2020-08-04 13:25:27,474 0      [           main] DEBUG ache.ibatis.logging.LogFactory  - Logging initialized using 'class org.apache.ibatis.logging.log4j.Log4jImpl' adapter.
2020-08-04 13:25:27,558 84     [           main] DEBUG source.pooled.PooledDataSource  - PooledDataSource forcefully closed/removed all connections.
2020-08-04 13:25:27,559 85     [           main] DEBUG source.pooled.PooledDataSource  - PooledDataSource forcefully closed/removed all connections.
2020-08-04 13:25:27,559 85     [           main] DEBUG source.pooled.PooledDataSource  - PooledDataSource forcefully closed/removed all connections.
2020-08-04 13:25:27,559 85     [           main] DEBUG source.pooled.PooledDataSource  - PooledDataSource forcefully closed/removed all connections.
2020-08-04 13:25:27,655 181    [           main] DEBUG ansaction.jdbc.JdbcTransaction  - Opening JDBC Connection
2020-08-04 13:25:27,868 394    [           main] DEBUG source.pooled.PooledDataSource  - Created connection 438135304.
2020-08-04 13:25:27,869 395    [           main] DEBUG ansaction.jdbc.JdbcTransaction  - Setting autocommit to false on JDBC Connection [com.mysql.jdbc.JDBC4Connection@1a1d6a08]
2020-08-04 13:25:27,871 397    [           main] DEBUG ingand.dao.IAccountDao.findAll  - ==>  Preparing: SELECT u.*,a.id AS aid,a.uid,a.money FROM account a,USER u WHERE u.id=a.uid; 
2020-08-04 13:25:27,897 423    [           main] DEBUG ingand.dao.IAccountDao.findAll  - ==> Parameters: 
2020-08-04 13:25:27,922 448    [           main] DEBUG ingand.dao.IAccountDao.findAll  - <==      Total: 3
2020-08-04 13:25:27,927 453    [           main] DEBUG ansaction.jdbc.JdbcTransaction  - Resetting autocommit to true on JDBC Connection [com.mysql.jdbc.JDBC4Connection@1a1d6a08]
2020-08-04 13:25:27,927 453    [           main] DEBUG ansaction.jdbc.JdbcTransaction  - Closing JDBC Connection [com.mysql.jdbc.JDBC4Connection@1a1d6a08]
2020-08-04 13:25:27,927 453    [           main] DEBUG source.pooled.PooledDataSource  - Returned connection 438135304 to pool.
2020-08-04 16:15:13,315 0      [           main] DEBUG ache.ibatis.logging.LogFactory  - Logging initialized using 'class org.apache.ibatis.logging.log4j.Log4jImpl' adapter.
2020-08-04 16:15:13,407 92     [           main] DEBUG source.pooled.PooledDataSource  - PooledDataSource forcefully closed/removed all connections.
2020-08-04 16:15:13,407 92     [           main] DEBUG source.pooled.PooledDataSource  - PooledDataSource forcefully closed/removed all connections.
2020-08-04 16:15:13,408 93     [           main] DEBUG source.pooled.PooledDataSource  - PooledDataSource forcefully closed/removed all connections.
2020-08-04 16:15:13,408 93     [           main] DEBUG source.pooled.PooledDataSource  - PooledDataSource forcefully closed/removed all connections.
2020-08-04 16:15:13,510 195    [           main] DEBUG ansaction.jdbc.JdbcTransaction  - Opening JDBC Connection
2020-08-04 16:15:13,690 375    [           main] DEBUG source.pooled.PooledDataSource  - Created connection 438135304.
2020-08-04 16:15:13,691 376    [           main] DEBUG ansaction.jdbc.JdbcTransaction  - Setting autocommit to false on JDBC Connection [com.mysql.jdbc.JDBC4Connection@1a1d6a08]
2020-08-04 16:15:13,692 377    [           main] DEBUG .chingand.dao.IUserDao.findAll  - ==>  Preparing: select * from user 
2020-08-04 16:15:13,715 400    [           main] DEBUG .chingand.dao.IUserDao.findAll  - ==> Parameters: 
2020-08-04 16:15:13,737 422    [           main] DEBUG .chingand.dao.IUserDao.findAll  - <==      Total: 7
2020-08-04 16:15:13,741 426    [           main] DEBUG ansaction.jdbc.JdbcTransaction  - Resetting autocommit to true on JDBC Connection [com.mysql.jdbc.JDBC4Connection@1a1d6a08]
2020-08-04 16:15:13,741 426    [           main] DEBUG ansaction.jdbc.JdbcTransaction  - Closing JDBC Connection [com.mysql.jdbc.JDBC4Connection@1a1d6a08]
2020-08-04 16:15:13,742 427    [           main] DEBUG source.pooled.PooledDataSource  - Returned connection 438135304 to pool.
2020-08-04 16:26:08,882 0      [           main] DEBUG ache.ibatis.logging.LogFactory  - Logging initialized using 'class org.apache.ibatis.logging.log4j.Log4jImpl' adapter.
2020-08-04 16:26:08,976 94     [           main] DEBUG source.pooled.PooledDataSource  - PooledDataSource forcefully closed/removed all connections.
2020-08-04 16:26:08,976 94     [           main] DEBUG source.pooled.PooledDataSource  - PooledDataSource forcefully closed/removed all connections.
2020-08-04 16:26:08,976 94     [           main] DEBUG source.pooled.PooledDataSource  - PooledDataSource forcefully closed/removed all connections.
2020-08-04 16:26:08,976 94     [           main] DEBUG source.pooled.PooledDataSource  - PooledDataSource forcefully closed/removed all connections.
2020-08-04 16:26:09,066 184    [           main] DEBUG ansaction.jdbc.JdbcTransaction  - Opening JDBC Connection
2020-08-04 16:26:09,249 367    [           main] DEBUG source.pooled.PooledDataSource  - Created connection 438135304.
2020-08-04 16:26:09,249 367    [           main] DEBUG ansaction.jdbc.JdbcTransaction  - Setting autocommit to false on JDBC Connection [com.mysql.jdbc.JDBC4Connection@1a1d6a08]
2020-08-04 16:26:09,251 369    [           main] DEBUG .chingand.dao.IUserDao.findAll  - ==>  Preparing: SELECT * FROM USER u LEFT OUTER JOIN account a ON u.id=a.uid; 
2020-08-04 16:26:09,271 389    [           main] DEBUG .chingand.dao.IUserDao.findAll  - ==> Parameters: 
2020-08-04 16:26:09,294 412    [           main] DEBUG .chingand.dao.IUserDao.findAll  - <==      Total: 8
2020-08-04 16:26:09,298 416    [           main] DEBUG ansaction.jdbc.JdbcTransaction  - Resetting autocommit to true on JDBC Connection [com.mysql.jdbc.JDBC4Connection@1a1d6a08]
2020-08-04 16:26:09,298 416    [           main] DEBUG ansaction.jdbc.JdbcTransaction  - Closing JDBC Connection [com.mysql.jdbc.JDBC4Connection@1a1d6a08]
2020-08-04 16:26:09,298 416    [           main] DEBUG source.pooled.PooledDataSource  - Returned connection 438135304 to pool.
2020-08-06 13:59:19,032 0      [           main] DEBUG ache.ibatis.logging.LogFactory  - Logging initialized using 'class org.apache.ibatis.logging.log4j.Log4jImpl' adapter.
2020-08-06 13:59:19,182 150    [           main] DEBUG source.pooled.PooledDataSource  - PooledDataSource forcefully closed/removed all connections.
2020-08-06 13:59:19,182 150    [           main] DEBUG source.pooled.PooledDataSource  - PooledDataSource forcefully closed/removed all connections.
2020-08-06 13:59:19,182 150    [           main] DEBUG source.pooled.PooledDataSource  - PooledDataSource forcefully closed/removed all connections.
2020-08-06 13:59:19,183 151    [           main] DEBUG source.pooled.PooledDataSource  - PooledDataSource forcefully closed/removed all connections.
2020-08-06 13:59:19,314 282    [           main] DEBUG ansaction.jdbc.JdbcTransaction  - Opening JDBC Connection
2020-08-06 13:59:19,561 529    [           main] DEBUG source.pooled.PooledDataSource  - Created connection 438135304.
2020-08-06 13:59:19,561 529    [           main] DEBUG ansaction.jdbc.JdbcTransaction  - Setting autocommit to false on JDBC Connection [com.mysql.jdbc.JDBC4Connection@1a1d6a08]
2020-08-06 13:59:19,563 531    [           main] DEBUG .chingand.dao.IUserDao.findAll  - ==>  Preparing: SELECT * FROM USER u LEFT OUTER JOIN account a ON u.id=a.uid; 
2020-08-06 13:59:19,592 560    [           main] DEBUG .chingand.dao.IUserDao.findAll  - ==> Parameters: 
2020-08-06 13:59:19,622 590    [           main] DEBUG .chingand.dao.IUserDao.findAll  - <==      Total: 9
2020-08-06 13:59:19,628 596    [           main] DEBUG ansaction.jdbc.JdbcTransaction  - Resetting autocommit to true on JDBC Connection [com.mysql.jdbc.JDBC4Connection@1a1d6a08]
2020-08-06 13:59:19,629 597    [           main] DEBUG ansaction.jdbc.JdbcTransaction  - Closing JDBC Connection [com.mysql.jdbc.JDBC4Connection@1a1d6a08]
2020-08-06 13:59:19,629 597    [           main] DEBUG source.pooled.PooledDataSource  - Returned connection 438135304 to pool.
